<?xml version="1.0" encoding="UTF-8"?>
<!-- Generated by org.testng.reporters.JUnitReportReporter -->
<testsuite hostname="FVFHXLHAQ6LR" failures="0" tests="1" name="Runner" time="0.043" errors="0" timestamp="2023-05-22T14:30:34 IST" skipped="0">
  <testcase classname="Runner" name="runScenario" time="0.043"/>
  <system-out/>
</testsuite> <!-- Runner -->
